20:11:50.841 INFO - Launching a standalone Selenium Server
20:11:50.883 INFO - Java: Oracle Corporation 12.0.1+12
20:11:50.883 INFO - OS: Mac OS X 10.15.5 x86_64
20:11:50.895 INFO - v2.53.1, with Core v2.53.1. Built from revision a36b8b1
20:11:50.968 INFO - Driver provider org.openqa.selenium.ie.InternetExplorerDriver registration is skipped:
registration capabilities Capabilities [{ensureCleanSession=true, browserName=internet explorer, version=, platform=WINDOWS}] does not match the current platform MAC
20:11:50.969 INFO - Driver provider org.openqa.selenium.edge.EdgeDriver registration is skipped:
registration capabilities Capabilities [{browserName=MicrosoftEdge, version=, platform=WINDOWS}] does not match the current platform MAC
20:11:50.969 INFO - Driver class not found: com.opera.core.systems.OperaDriver
20:11:50.969 INFO - Driver provider com.opera.core.systems.OperaDriver is not registered
20:11:50.971 INFO - Driver class not found: org.openqa.selenium.htmlunit.HtmlUnitDriver
20:11:50.971 INFO - Driver provider org.openqa.selenium.htmlunit.HtmlUnitDriver is not registered
20:11:51.041 INFO - RemoteWebDriver instances should connect to: http://127.0.0.1:4444/wd/hub
20:11:51.041 INFO - Selenium Server is up and running
20:11:51.358 INFO - Executing: [new session: Capabilities [{acceptSslCerts=true, name=Test, browserName=chrome, javascriptEnabled=true, platform=ANY}]])
20:11:51.377 INFO - Creating a new session for Capabilities [{acceptSslCerts=true, name=Test, browserName=chrome, javascriptEnabled=true, platform=ANY}]
Starting ChromeDriver 2.33.506106 (8a06c39c4582fbfbab6966dbb1c38a9173bfb1a2) on port 24966
Only local connections are allowed.
20:11:52.818 INFO - Done: [new session: Capabilities [{acceptSslCerts=true, name=Test, browserName=chrome, javascriptEnabled=true, platform=ANY}]]
20:11:52.835 INFO - Executing: [get: http://localhost:8080])
20:11:56.805 INFO - Done: [get: http://localhost:8080]
20:11:56.812 INFO - Executing: [find elements: By.cssSelector: #app])
20:11:56.840 INFO - Done: [find elements: By.cssSelector: #app]
20:11:56.845 INFO - Executing: [is displayed: 0 [[ChromeDriver: chrome on MAC (83c356c4d289a4c3f07073ab04a259f2)] -> css selector: #app]])
20:11:56.860 INFO - Done: [is displayed: 0 [[ChromeDriver: chrome on MAC (83c356c4d289a4c3f07073ab04a259f2)] -> css selector: #app]]
20:11:56.868 INFO - Executing: [find elements: By.cssSelector: .logo])
20:11:56.883 INFO - Done: [find elements: By.cssSelector: .logo]
20:11:56.890 INFO - Executing: [find element: By.cssSelector: h3])
20:11:56.904 INFO - Done: [find element: By.cssSelector: h3]
20:11:56.911 INFO - Executing: [get text: 2 [[ChromeDriver: chrome on MAC (83c356c4d289a4c3f07073ab04a259f2)] -> css selector: h3]])
20:11:56.927 INFO - Done: [get text: 2 [[ChromeDriver: chrome on MAC (83c356c4d289a4c3f07073ab04a259f2)] -> css selector: h3]]
20:11:56.932 INFO - Executing: [delete session: 95f025e1-5974-487d-97c8-e5e0f69b0f3d])
20:11:57.022 INFO - Done: [delete session: 95f025e1-5974-487d-97c8-e5e0f69b0f3d]
